#
# There is insufficient memory for the Java Runtime Environment to continue.
# Native memory allocation (mmap) failed to map 96468992 bytes for committing reserved memory.
# Possible reasons:
#   The system is out of physical RAM or swap space
#   In 32 bit mode, the process size limit was hit
# Possible solutions:
#   Reduce memory load on the system
#   Increase physical memory or swap space
#   Check if swap backing store is full
#   Use 64 bit Java on a 64 bit OS
#   Decrease Java heap size (-Xmx/-Xms)
#   Decrease number of Java threads
#   Decrease Java thread stack sizes (-Xss)
#   Set larger code cache with -XX:ReservedCodeCacheSize=
# This output file may be truncated or incomplete.
#
#  Out of Memory Error (os_linux.cpp:2640), pid=12021, tid=0x00007f62444b2700
#
# JRE version: Java(TM) SE Runtime Environment (8.0_161-b12) (build 1.8.0_161-b12)
# Java VM: Java HotSpot(TM) 64-Bit Server VM (25.161-b12 mixed mode linux-amd64 compressed oops)
# Failed to write core dump. Core dumps have been disabled. To enable core dumping, try "ulimit -c unlimited" before starting Java again
#

---------------  T H R E A D  ---------------

Current thread (0x00007f625407c000):  VMThread [stack: 0x00007f62443b2000,0x00007f62444b3000] [id=12030]

Stack: [0x00007f62443b2000,0x00007f62444b3000],  sp=0x00007f62444b12a0,  free space=1020k
Native frames: (J=compiled Java code, j=interpreted, Vv=VM code, C=native code)
V  [libjvm.so+0xacf94a]  VMError::report_and_die()+0x2ba
V  [libjvm.so+0x50050b]  report_vm_out_of_memory(char const*, int, unsigned long, VMErrorType, char const*)+0x8b
V  [libjvm.so+0x92b133]  os::Linux::commit_memory_impl(char*, unsigned long, bool)+0x103
V  [libjvm.so+0x92b5c9]  os::pd_commit_memory(char*, unsigned long, unsigned long, bool)+0x29
V  [libjvm.so+0x924c0a]  os::commit_memory(char*, unsigned long, unsigned long, bool)+0x2a
V  [libjvm.so+0x99ab53]  PSVirtualSpace::expand_by(unsigned long)+0x53
V  [libjvm.so+0x99bf58]  PSYoungGen::resize_generation(unsigned long, unsigned long)+0xf8
V  [libjvm.so+0x99b0b2]  PSYoungGen::resize(unsigned long, unsigned long)+0x22
V  [libjvm.so+0x99838b]  PSScavenge::invoke_no_policy()+0xf3b
V  [libjvm.so+0x998b11]  PSScavenge::invoke()+0x41
V  [libjvm.so+0x94f5a0]  ParallelScavengeHeap::failed_mem_allocate(unsigned long)+0x70
V  [libjvm.so+0xad13c7]  VM_ParallelGCFailedAllocation::doit()+0x97
V  [libjvm.so+0xad8ed5]  VM_Operation::evaluate()+0x55
V  [libjvm.so+0xad729a]  VMThread::evaluate_operation(VM_Operation*)+0xba
V  [libjvm.so+0xad761e]  VMThread::loop()+0x1ce
V  [libjvm.so+0xad7a90]  VMThread::run()+0x70
V  [libjvm.so+0x92da28]  java_start(Thread*)+0x108

VM_Operation (0x00007f61febed240): ParallelGCFailedAllocation, mode: safepoint, requested by thread 0x00007f62054c3000


---------------  P R O C E S S  ---------------

Java Threads: ( => current thread )
  0x00007f625400e800 JavaThread "DestroyJavaVM" [_thread_blocked, id=12025, stack(0x00007f625cf91000,0x00007f625d092000)]
  0x00007f6205543000 JavaThread "http-nio-8080-AsyncTimeout" daemon [_thread_blocked, id=12077, stack(0x00007f61fc0e4000,0x00007f61fc1e5000)]
  0x00007f6205541800 JavaThread "http-nio-8080-Acceptor-0" daemon [_thread_in_native, id=12076, stack(0x00007f61fc1e5000,0x00007f61fc2e6000)]
  0x00007f620553f000 JavaThread "http-nio-8080-ClientPoller-1" daemon [_thread_blocked, id=12075, stack(0x00007f61fc2e6000,0x00007f61fc3e7000)]
  0x00007f6205524800 JavaThread "http-nio-8080-ClientPoller-0" daemon [_thread_blocked, id=12074, stack(0x00007f61fc3e7000,0x00007f61fc4e8000)]
  0x00007f6205508800 JavaThread "http-nio-8080-exec-10" daemon [_thread_blocked, id=12073, stack(0x00007f61fc4e8000,0x00007f61fc5e9000)]
  0x00007f6205506800 JavaThread "http-nio-8080-exec-9" daemon [_thread_blocked, id=12072, stack(0x00007f61fc5e9000,0x00007f61fc6ea000)]
  0x00007f6205504800 JavaThread "http-nio-8080-exec-8" daemon [_thread_blocked, id=12071, stack(0x00007f61fc6ea000,0x00007f61fc7eb000)]
  0x00007f6205503000 JavaThread "http-nio-8080-exec-7" daemon [_thread_blocked, id=12070, stack(0x00007f61fc7eb000,0x00007f61fc8ec000)]
  0x00007f6205501000 JavaThread "http-nio-8080-exec-6" daemon [_thread_blocked, id=12069, stack(0x00007f61fc8ec000,0x00007f61fc9ed000)]
  0x00007f62054ff800 JavaThread "http-nio-8080-exec-5" daemon [_thread_blocked, id=12068, stack(0x00007f61fc9ed000,0x00007f61fcaee000)]
  0x00007f62054fd800 JavaThread "http-nio-8080-exec-4" daemon [_thread_blocked, id=12067, stack(0x00007f61fcaee000,0x00007f61fcbef000)]
  0x00007f62054fb800 JavaThread "http-nio-8080-exec-3" daemon [_thread_blocked, id=12066, stack(0x00007f61fcbef000,0x00007f61fccf0000)]
  0x00007f62054f9800 JavaThread "http-nio-8080-exec-2" daemon [_thread_blocked, id=12065, stack(0x00007f61fccf0000,0x00007f61fcdf1000)]
  0x00007f62054f8000 JavaThread "http-nio-8080-exec-1" daemon [_thread_blocked, id=12064, stack(0x00007f61fcdf1000,0x00007f61fcef2000)]
  0x00007f62054d3800 JavaThread "NioBlockingSelector.BlockPoller-1" daemon [_thread_blocked, id=12063, stack(0x00007f61fcef2000,0x00007f61fcff3000)]
  0x00007f62054c7000 JavaThread "Live Reload Server" daemon [_thread_in_native, id=12062, stack(0x00007f6234102000,0x00007f6234203000)]
  0x00007f62054c3000 JavaThread "File Watcher" daemon [_thread_blocked, id=12060, stack(0x00007f61feaee000,0x00007f61febef000)]
  0x00007f6204b20800 JavaThread "Abandoned connection cleanup thread" daemon [_thread_blocked, id=12049, stack(0x00007f61fe4ea000,0x00007f61fe5eb000)]
  0x00007f6204af1000 JavaThread "Tomcat JDBC Pool Cleaner[1704856573:1520101649963]" daemon [_thread_blocked, id=12048, stack(0x00007f61fe5eb000,0x00007f61fe6ec000)]
  0x00007f6204aa1800 JavaThread "container-0" [_thread_blocked, id=12047, stack(0x00007f61fe6ec000,0x00007f61fe7ed000)]
  0x00007f6204a9f800 JavaThread "ContainerBackgroundProcessor[StandardEngine[Tomcat]]" daemon [_thread_blocked, id=12046, stack(0x00007f61fe7ed000,0x00007f61fe8ee000)]
  0x00007f62540cd000 JavaThread "Service Thread" daemon [_thread_blocked, id=12037, stack(0x00007f6237bfc000,0x00007f6237cfd000)]
  0x00007f62540c1800 JavaThread "C1 CompilerThread2" daemon [_thread_blocked, id=12036, stack(0x00007f6237cfd000,0x00007f6237dfe000)]
  0x00007f62540c0000 JavaThread "C2 CompilerThread1" daemon [_thread_blocked, id=12035, stack(0x00007f6237dfe000,0x00007f6237eff000)]
  0x00007f62540bd000 JavaThread "C2 CompilerThread0" daemon [_thread_blocked, id=12034, stack(0x00007f6237eff000,0x00007f6238000000)]
  0x00007f62540bb800 JavaThread "Signal Dispatcher" daemon [_thread_blocked, id=12033, stack(0x00007f62440af000,0x00007f62441b0000)]
  0x00007f6254088800 JavaThread "Finalizer" daemon [_thread_blocked, id=12032, stack(0x00007f62441b0000,0x00007f62442b1000)]
  0x00007f6254083800 JavaThread "Reference Handler" daemon [_thread_blocked, id=12031, stack(0x00007f62442b1000,0x00007f62443b2000)]

Other Threads:
=>0x00007f625407c000 VMThread [stack: 0x00007f62443b2000,0x00007f62444b3000] [id=12030]
  0x00007f62540d1800 WatcherThread [stack: 0x00007f6237afb000,0x00007f6237bfc000] [id=12038]

VM state:at safepoint (normal execution)

VM Mutex/Monitor currently owned by a thread:  ([mutex/lock_event])
[0x00007f625400a890] Threads_lock - owner thread: 0x00007f625407c000
[0x00007f625400ad90] Heap_lock - owner thread: 0x00007f62054c3000

Heap:
 PSYoungGen      total 470016K, used 272K [0x00000000d7400000, 0x00000000f5800000, 0x0000000100000000)
  eden space 444416K, 0% used [0x00000000d7400000,0x00000000d7400000,0x00000000f2600000)
  from space 25600K, 1% used [0x00000000f2600000,0x00000000f2644010,0x00000000f3f00000)
  to   space 17920K, 0% used [0x00000000f4680000,0x00000000f4680000,0x00000000f5800000)
 ParOldGen       total 119296K, used 41711K [0x0000000085c00000, 0x000000008d080000, 0x00000000d7400000)
  object space 119296K, 34% used [0x0000000085c00000,0x00000000884bbde0,0x000000008d080000)
 Metaspace       used 63482K, capacity 64282K, committed 64640K, reserved 1105920K
  class space    used 7832K, capacity 8037K, committed 8064K, reserved 1048576K

Card table byte_map: [0x00007f6259953000,0x00007f6259d26000] byte_map_base: 0x00007f6259525000

Marking Bits: (ParMarkBitMap*) 0x00007f625c45d920
 Begin Bits: [0x00007f623c2e0000, 0x00007f623e170000)
 End Bits:   [0x00007f623e170000, 0x00007f6240000000)

Polling page: 0x00007f625d0af000

CodeCache: size=245760Kb used=27406Kb max_used=27432Kb free=218353Kb
 bounds [0x00007f6245000000, 0x00007f6246b00000, 0x00007f6254000000]
 total_blobs=8339 nmethods=7533 adapters=718
 compilation: enabled

Compilation events (10 events):
Event: 1622,310 Thread 0x00007f62540c1800 9061       3       org.hibernate.engine.internal.StatefulPersistenceContext::setDefaultReadOnly (6 bytes)
Event: 1622,310 Thread 0x00007f62540c1800 nmethod 9061 0x00007f6245933710 code [0x00007f6245933860, 0x00007f62459339b0]
Event: 1622,725 Thread 0x00007f62540c0000 9063       4       org.apache.tomcat.jdbc.pool.JdbcInterceptor::compare (24 bytes)
Event: 1622,726 Thread 0x00007f62540c1800 9064       3       org.apache.coyote.http11.filters.VoidInputFilter::recycle (1 bytes)
Event: 1622,726 Thread 0x00007f62540c1800 nmethod 9064 0x00007f62456e0e10 code [0x00007f62456e0f60, 0x00007f62456e10b0]
Event: 1625,244 Thread 0x00007f62540c0000 nmethod 9063 0x00007f6245b30550 code [0x00007f6245b306a0, 0x00007f6245b30838]
Event: 1633,132 Thread 0x00007f62540c1800 9065   !   3       org.apache.catalina.core.StandardContext::getResources (38 bytes)
Event: 1634,762 Thread 0x00007f62540c1800 nmethod 9065 0x00007f624537f610 code [0x00007f624537f820, 0x00007f6245380238]
Event: 1664,374 Thread 0x00007f62540c1800 9066   !   3       org.apache.catalina.core.ContainerBase::findChildren (42 bytes)
Event: 1668,939 Thread 0x00007f62540c1800 nmethod 9066 0x00007f6245c58e50 code [0x00007f6245c59000, 0x00007f6245c596c8]

GC Heap History (10 events):
Event: 331,045 GC heap after
Heap after GC invocations=23 (full 3):
 PSYoungGen      total 281600K, used 5427K [0x00000000d7400000, 0x00000000ea400000, 0x0000000100000000)
  eden space 256000K, 0% used [0x00000000d7400000,0x00000000d7400000,0x00000000e6e00000)
  from space 25600K, 21% used [0x00000000e8b00000,0x00000000e904cc20,0x00000000ea400000)
  to   space 27648K, 0% used [0x00000000e6e00000,0x00000000e6e00000,0x00000000e8900000)
 ParOldGen       total 119296K, used 38184K [0x0000000085c00000, 0x000000008d080000, 0x00000000d7400000)
  object space 119296K, 32% used [0x0000000085c00000,0x000000008814a150,0x000000008d080000)
 Metaspace       used 62802K, capacity 63664K, committed 64128K, reserved 1105920K
  class space    used 7821K, capacity 8030K, committed 8064K, reserved 1048576K
}
Event: 536,420 GC heap before
{Heap before GC invocations=24 (full 3):
 PSYoungGen      total 281600K, used 261427K [0x00000000d7400000, 0x00000000ea400000, 0x0000000100000000)
  eden space 256000K, 100% used [0x00000000d7400000,0x00000000e6e00000,0x00000000e6e00000)
  from space 25600K, 21% used [0x00000000e8b00000,0x00000000e904cc20,0x00000000ea400000)
  to   space 27648K, 0% used [0x00000000e6e00000,0x00000000e6e00000,0x00000000e8900000)
 ParOldGen       total 119296K, used 38184K [0x0000000085c00000, 0x000000008d080000, 0x00000000d7400000)
  object space 119296K, 32% used [0x0000000085c00000,0x000000008814a150,0x000000008d080000)
 Metaspace       used 62841K, capacity 63664K, committed 64128K, reserved 1105920K
  class space    used 7821K, capacity 8030K, committed 8064K, reserved 1048576K
Event: 536,436 GC heap after
Heap after GC invocations=24 (full 3):
 PSYoungGen      total 283648K, used 3392K [0x00000000d7400000, 0x00000000efa80000, 0x0000000100000000)
  eden space 256000K, 0% used [0x00000000d7400000,0x00000000d7400000,0x00000000e6e00000)
  from space 27648K, 12% used [0x00000000e6e00000,0x00000000e7150080,0x00000000e8900000)
  to   space 27136K, 0% used [0x00000000ee000000,0x00000000ee000000,0x00000000efa80000)
 ParOldGen       total 119296K, used 38192K [0x0000000085c00000, 0x000000008d080000, 0x00000000d7400000)
  object space 119296K, 32% used [0x0000000085c00000,0x000000008814c150,0x000000008d080000)
 Metaspace       used 62841K, capacity 63664K, committed 64128K, reserved 1105920K
  class space    used 7821K, capacity 8030K, committed 8064K, reserved 1048576K
}
Event: 740,606 GC heap before
{Heap before GC invocations=25 (full 3):
 PSYoungGen      total 283648K, used 259392K [0x00000000d7400000, 0x00000000efa80000, 0x0000000100000000)
  eden space 256000K, 100% used [0x00000000d7400000,0x00000000e6e00000,0x00000000e6e00000)
  from space 27648K, 12% used [0x00000000e6e00000,0x00000000e7150080,0x00000000e8900000)
  to   space 27136K, 0% used [0x00000000ee000000,0x00000000ee000000,0x00000000efa80000)
 ParOldGen       total 119296K, used 38192K [0x0000000085c00000, 0x000000008d080000, 0x00000000d7400000)
  object space 119296K, 32% used [0x0000000085c00000,0x000000008814c150,0x000000008d080000)
 Metaspace       used 62914K, capacity 63746K, committed 64128K, reserved 1105920K
  class space    used 7824K, capacity 8033K, committed 8064K, reserved 1048576K
Event: 740,612 GC heap after
Heap after GC invocations=25 (full 3):
 PSYoungGen      total 364544K, used 3408K [0x00000000d7400000, 0x00000000ef600000, 0x0000000100000000)
  eden space 342016K, 0% used [0x00000000d7400000,0x00000000d7400000,0x00000000ec200000)
  from space 22528K, 15% used [0x00000000ee000000,0x00000000ee354090,0x00000000ef600000)
  to   space 26624K, 0% used [0x00000000ec200000,0x00000000ec200000,0x00000000edc00000)
 ParOldGen       total 119296K, used 38200K [0x0000000085c00000, 0x000000008d080000, 0x00000000d7400000)
  object space 119296K, 32% used [0x0000000085c00000,0x000000008814e150,0x000000008d080000)
 Metaspace       used 62914K, capacity 63746K, committed 64128K, reserved 1105920K
  class space    used 7824K, capacity 8033K, committed 8064K, reserved 1048576K
}
Event: 990,375 GC heap before
{Heap before GC invocations=26 (full 3):
 PSYoungGen      total 364544K, used 345424K [0x00000000d7400000, 0x00000000ef600000, 0x0000000100000000)
  eden space 342016K, 100% used [0x00000000d7400000,0x00000000ec200000,0x00000000ec200000)
  from space 22528K, 15% used [0x00000000ee000000,0x00000000ee354090,0x00000000ef600000)
  to   space 26624K, 0% used [0x00000000ec200000,0x00000000ec200000,0x00000000edc00000)
 ParOldGen       total 119296K, used 38200K [0x0000000085c00000, 0x000000008d080000, 0x00000000d7400000)
  object space 119296K, 32% used [0x0000000085c00000,0x000000008814e150,0x000000008d080000)
 Metaspace       used 63243K, capacity 64026K, committed 64384K, reserved 1105920K
  class space    used 7831K, capacity 8037K, committed 8064K, reserved 1048576K
Event: 990,384 GC heap after
Heap after GC invocations=26 (full 3):
 PSYoungGen      total 368640K, used 2480K [0x00000000d7400000, 0x00000000f6000000, 0x0000000100000000)
  eden space 342016K, 0% used [0x00000000d7400000,0x00000000d7400000,0x00000000ec200000)
  from space 26624K, 9% used [0x00000000ec200000,0x00000000ec46c030,0x00000000edc00000)
  to   space 26112K, 0% used [0x00000000f4680000,0x00000000f4680000,0x00000000f6000000)
 ParOldGen       total 119296K, used 39472K [0x0000000085c00000, 0x000000008d080000, 0x00000000d7400000)
  object space 119296K, 33% used [0x0000000085c00000,0x000000008828c320,0x000000008d080000)
 Metaspace       used 63243K, capacity 64026K, committed 64384K, reserved 1105920K
  class space    used 7831K, capacity 8037K, committed 8064K, reserved 1048576K
}
Event: 1254,927 GC heap before
{Heap before GC invocations=27 (full 3):
 PSYoungGen      total 368640K, used 344496K [0x00000000d7400000, 0x00000000f6000000, 0x0000000100000000)
  eden space 342016K, 100% used [0x00000000d7400000,0x00000000ec200000,0x00000000ec200000)
  from space 26624K, 9% used [0x00000000ec200000,0x00000000ec46c030,0x00000000edc00000)
  to   space 26112K, 0% used [0x00000000f4680000,0x00000000f4680000,0x00000000f6000000)
 ParOldGen       total 119296K, used 39472K [0x0000000085c00000, 0x000000008d080000, 0x00000000d7400000)
  object space 119296K, 33% used [0x0000000085c00000,0x000000008828c320,0x000000008d080000)
 Metaspace       used 63468K, capacity 64282K, committed 64640K, reserved 1105920K
  class space    used 7832K, capacity 8037K, committed 8064K, reserved 1048576K
Event: 1254,934 GC heap after
Heap after GC invocations=27 (full 3):
 PSYoungGen      total 462336K, used 592K [0x00000000d7400000, 0x00000000f5800000, 0x0000000100000000)
  eden space 444416K, 0% used [0x00000000d7400000,0x00000000d7400000,0x00000000f2600000)
  from space 17920K, 3% used [0x00000000f4680000,0x00000000f4714010,0x00000000f5800000)
  to   space 25600K, 0% used [0x00000000f2600000,0x00000000f2600000,0x00000000f3f00000)
 ParOldGen       total 119296K, used 41399K [0x0000000085c00000, 0x000000008d080000, 0x00000000d7400000)
  object space 119296K, 34% used [0x0000000085c00000,0x000000008846df20,0x000000008d080000)
 Metaspace       used 63468K, capacity 64282K, committed 64640K, reserved 1105920K
  class space    used 7832K, capacity 8037K, committed 8064K, reserved 1048576K
}
Event: 1684,872 GC heap before
{Heap before GC invocations=28 (full 3):
 PSYoungGen      total 462336K, used 445008K [0x00000000d7400000, 0x00000000f5800000, 0x0000000100000000)
  eden space 444416K, 100% used [0x00000000d7400000,0x00000000f2600000,0x00000000f2600000)
  from space 17920K, 3% used [0x00000000f4680000,0x00000000f4714010,0x00000000f5800000)
  to   space 25600K, 0% used [0x00000000f2600000,0x00000000f2600000,0x00000000f3f00000)
 ParOldGen       total 119296K, used 41399K [0x0000000085c00000, 0x000000008d080000, 0x00000000d7400000)
  object space 119296K, 34% used [0x0000000085c00000,0x000000008846df20,0x000000008d080000)
 Metaspace       used 63482K, capacity 64282K, committed 64640K, reserved 1105920K
  class space    used 7832K, capacity 8037K, committed 8064K, reserved 1048576K

Deoptimization events (10 events):
Event: 253,061 Thread 0x00007f62054f8000 Uncommon trap: reason=speculate_class_check action=maybe_recompile pc=0x00007f624679ca40 method=java.nio.charset.CharsetDecoder.flush(Ljava/nio/CharBuffer;)Ljava/nio/charset/CoderResult; @ 10
Event: 253,061 Thread 0x00007f62054f8000 Uncommon trap: reason=speculate_class_check action=maybe_recompile pc=0x00007f624679ca40 method=java.nio.charset.CharsetDecoder.flush(Ljava/nio/CharBuffer;)Ljava/nio/charset/CoderResult; @ 10
Event: 253,062 Thread 0x00007f62054f8000 Uncommon trap: reason=speculate_class_check action=maybe_recompile pc=0x00007f624679ca40 method=java.nio.charset.CharsetDecoder.flush(Ljava/nio/CharBuffer;)Ljava/nio/charset/CoderResult; @ 10
Event: 984,426 Thread 0x00007f62054f8000 Uncommon trap: reason=unstable_if action=reinterpret pc=0x00007f6246282b84 method=org.springframework.asm.Type.getArgumentsAndReturnSizes(Ljava/lang/String;)I @ 41
Event: 984,427 Thread 0x00007f62054f8000 Uncommon trap: reason=unstable_if action=reinterpret pc=0x00007f62461dcdf8 method=org.springframework.asm.Type.getArgumentsAndReturnSizes(Ljava/lang/String;)I @ 41
Event: 984,621 Thread 0x00007f62054f8000 Uncommon trap: reason=unstable_if action=reinterpret pc=0x00007f6245b577b8 method=java.nio.charset.CharsetDecoder.decode(Ljava/nio/ByteBuffer;Ljava/nio/CharBuffer;Z)Ljava/nio/charset/CoderResult; @ 94
Event: 984,662 Thread 0x00007f62054f8000 Uncommon trap: reason=unstable_if action=reinterpret pc=0x00007f62466215c4 method=org.thymeleaf.templateparser.TemplatePreprocessingReader.removeEntitySubstitutions(Ljava/lang/String;)Ljava/lang/String; @ 25
Event: 984,662 Thread 0x00007f62054f8000 Uncommon trap: reason=unstable_if action=reinterpret pc=0x00007f6246652f38 method=org.thymeleaf.templateparser.xmlsax.AbstractNonValidatingSAXTemplateParser$XmlSAXHandler.characters([CII)V @ 86
Event: 984,673 Thread 0x00007f62054f8000 Uncommon trap: reason=unstable_if action=reinterpret pc=0x00007f62458104a8 method=org.springframework.util.ObjectUtils.nullSafeEquals(Ljava/lang/Object;Ljava/lang/Object;)Z @ 12
Event: 989,534 Thread 0x00007f6205503000 Uncommon trap: reason=unstable_if action=reinterpret pc=0x00007f6246914fb0 method=org.springframework.web.util.UrlPathHelper.getServletPath(Ljavax/servlet/http/HttpServletRequest;)Ljava/lang/String; @ 37

Classes redefined (0 events):
No events

Internal exceptions (10 events):
Event: 252,852 Thread 0x00007f6205504800 Exception <a 'java/lang/ClassCastException': br.com.hellohi.api.security.UserRepresentanteSS cannot be cast to br.com.hellohi.api.security.UserSS> (0x00000000d852ce78) thrown at [/HUDSON/workspace/8-2-build-linux-amd64/jdk8u161/10277/hotspot/src/share/vm/
Event: 252,852 Thread 0x00007f6205504800 Exception <a 'java/lang/ClassCastException': br.com.hellohi.api.security.UserRepresentanteSS cannot be cast to br.com.hellohi.api.security.UserClienteSS> (0x00000000d852d9e0) thrown at [/HUDSON/workspace/8-2-build-linux-amd64/jdk8u161/10277/hotspot/src/sh
Event: 253,100 Thread 0x00007f62054ff800 Exception <a 'java/lang/reflect/InvocationTargetException'> (0x00000000d9897c08) thrown at [/HUDSON/workspace/8-2-build-linux-amd64/jdk8u161/10277/hotspot/src/share/vm/runtime/reflection.cpp, line 1092]
Event: 253,108 Thread 0x00007f62054ff800 Exception <a 'java/lang/reflect/InvocationTargetException'> (0x00000000d98b0878) thrown at [/HUDSON/workspace/8-2-build-linux-amd64/jdk8u161/10277/hotspot/src/share/vm/runtime/reflection.cpp, line 1092]
Event: 283,991 Thread 0x00007f6205506800 Exception <a 'java/lang/reflect/InvocationTargetException'> (0x00000000dc7868c8) thrown at [/HUDSON/workspace/8-2-build-linux-amd64/jdk8u161/10277/hotspot/src/share/vm/runtime/reflection.cpp, line 1092]
Event: 551,707 Thread 0x00007f62054fd800 Exception <a 'java/lang/ClassCastException': br.com.hellohi.api.security.UserRepresentanteSS cannot be cast to br.com.hellohi.api.security.UserSS> (0x00000000d8b15ff0) thrown at [/HUDSON/workspace/8-2-build-linux-amd64/jdk8u161/10277/hotspot/src/share/vm/
Event: 551,707 Thread 0x00007f62054fd800 Exception <a 'java/lang/ClassCastException': br.com.hellohi.api.security.UserRepresentanteSS cannot be cast to br.com.hellohi.api.security.UserClienteSS> (0x00000000d8b16b58) thrown at [/HUDSON/workspace/8-2-build-linux-amd64/jdk8u161/10277/hotspot/src/sh
Event: 984,673 Thread 0x00007f62054f8000 Implicit null exception at 0x00007f62458103be to 0x00007f6245810495
Event: 1153,456 Thread 0x00007f6205508800 Exception <a 'java/lang/ClassCastException': br.com.hellohi.api.security.UserRepresentanteSS cannot be cast to br.com.hellohi.api.security.UserSS> (0x00000000e494aec8) thrown at [/HUDSON/workspace/8-2-build-linux-amd64/jdk8u161/10277/hotspot/src/share/vm/
Event: 1153,457 Thread 0x00007f6205508800 Exception <a 'java/lang/ClassCastException': br.com.hellohi.api.security.UserRepresentanteSS cannot be cast to br.com.hellohi.api.security.UserClienteSS> (0x00000000e494ba30) thrown at [/HUDSON/workspace/8-2-build-linux-amd64/jdk8u161/10277/hotspot/src/sh

Events (10 events):
Event: 1622,310 Thread 0x00007f62540c1800 flushing nmethod 0x00007f6245952b50
Event: 1622,311 Thread 0x00007f62540c1800 flushing nmethod 0x00007f6245b03410
Event: 1622,311 Thread 0x00007f62540c1800 flushing nmethod 0x00007f6245b30550
Event: 1622,858 Thread 0x00007f62540c1800 flushing nmethod 0x00007f6245ba8610
Event: 1622,858 Thread 0x00007f62540c1800 flushing nmethod 0x00007f6245c44010
Event: 1622,858 Thread 0x00007f62540c1800 flushing nmethod 0x00007f6245c58e50
Event: 1625,244 Thread 0x00007f62540c0000 flushing nmethod 0x00007f6245dd0990
Event: 1669,015 Thread 0x00007f62540c1800 flushing nmethod 0x00007f624602aa10
Event: 1669,141 Thread 0x00007f62540c1800 flushing nmethod 0x00007f624602c610
Event: 1682,743 Executing VM operation: ParallelGCFailedAllocation


Dynamic libraries:
00400000-00401000 r-xp 00000000 08:15 7343696                            /home/junior/jdk1.8.0_161/bin/java
00600000-00601000 rw-p 00000000 08:15 7343696                            /home/junior/jdk1.8.0_161/bin/java
010a0000-010e7000 rw-p 00000000 00:00 0                                  [heap]
85c00000-8d080000 rw-p 00000000 00:00 0 
8d080000-d7400000 ---p 00000000 00:00 0 
d7400000-f5800000 rw-p 00000000 00:00 0 
fb400000-100000000 ---p 00000000 00:00 0 
100000000-1007e0000 rw-p 00000000 00:00 0 
1007e0000-140000000 ---p 00000000 00:00 0 
7f61bc000000-7f61bc021000 rw-p 00000000 00:00 0 
7f61bc021000-7f61c0000000 ---p 00000000 00:00 0 
7f61c33a3000-7f61c34e3000 rw-p 00000000 00:00 0 
7f61c34e3000-7f61c35a3000 ---p 00000000 00:00 0 
7f61c35a3000-7f61c35b9000 r-xp 00000000 08:15 12063231                   /lib/x86_64-linux-gnu/libgcc_s.so.1
7f61c35b9000-7f61c37b8000 ---p 00016000 08:15 12063231                   /lib/x86_64-linux-gnu/libgcc_s.so.1
7f61c37b8000-7f61c37b9000 rw-p 00015000 08:15 12063231                   /lib/x86_64-linux-gnu/libgcc_s.so.1
7f61c37b9000-7f61c37eb000 r-xp 00000000 08:15 7343465                    /home/junior/jdk1.8.0_161/jre/lib/amd64/libsunec.so
7f61c37eb000-7f61c39ea000 ---p 00032000 08:15 7343465                    /home/junior/jdk1.8.0_161/jre/lib/amd64/libsunec.so
7f61c39ea000-7f61c39f0000 rw-p 00031000 08:15 7343465                    /home/junior/jdk1.8.0_161/jre/lib/amd64/libsunec.so
7f61c39f0000-7f61c3c00000 rw-p 00000000 00:00 0 
7f61c3c00000-7f61c3e00000 rw-p 00000000 00:00 0 
7f61c3e00000-7f61c4000000 rw-p 00000000 00:00 0 
7f61c4000000-7f61c403f000 rw-p 00000000 00:00 0 
7f61c403f000-7f61c8000000 ---p 00000000 00:00 0 
7f61c8000000-7f61c8088000 rw-p 00000000 00:00 0 
7f61c8088000-7f61cc000000 ---p 00000000 00:00 0 
7f61cc000000-7f61cc128000 rw-p 00000000 00:00 0 
7f61cc128000-7f61d0000000 ---p 00000000 00:00 0 
7f61d0000000-7f61d0021000 rw-p 00000000 00:00 0 
7f61d0021000-7f61d4000000 ---p 00000000 00:00 0 
7f61d4000000-7f61d4029000 rw-p 00000000 00:00 0 
7f61d4029000-7f61d8000000 ---p 00000000 00:00 0 
7f61d8000000-7f61d8040000 rw-p 00000000 00:00 0 
7f61d8040000-7f61dc000000 ---p 00000000 00:00 0 
7f61dc000000-7f61dc021000 rw-p 00000000 00:00 0 
7f61dc021000-7f61e0000000 ---p 00000000 00:00 0 
7f61e0000000-7f61e0364000 rw-p 00000000 00:00 0 
7f61e0364000-7f61e4000000 ---p 00000000 00:00 0 
7f61e4000000-7f61e4021000 rw-p 00000000 00:00 0 
7f61e4021000-7f61e8000000 ---p 00000000 00:00 0 
7f61e8000000-7f61e8021000 rw-p 00000000 00:00 0 
7f61e8021000-7f61ec000000 ---p 00000000 00:00 0 
7f61ec000000-7f61ec021000 rw-p 00000000 00:00 0 
7f61ec021000-7f61f0000000 ---p 00000000 00:00 0 
7f61f0000000-7f61f0021000 rw-p 00000000 00:00 0 
7f61f0021000-7f61f4000000 ---p 00000000 00:00 0 
7f61f4000000-7f61f42dd000 rw-p 00000000 00:00 0 
7f61f42dd000-7f61f8000000 ---p 00000000 00:00 0 
7f61f8000000-7f61f82c3000 rw-p 00000000 00:00 0 
7f61f82c3000-7f61fc000000 ---p 00000000 00:00 0 
7f61fc0e4000-7f61fc0e7000 ---p 00000000 00:00 0 
7f61fc0e7000-7f61fc1e5000 rw-p 00000000 00:00 0 
7f61fc1e5000-7f61fc1e8000 ---p 00000000 00:00 0 
7f61fc1e8000-7f61fc2e6000 rw-p 00000000 00:00 0 
7f61fc2e6000-7f61fc2e9000 ---p 00000000 00:00 0 
7f61fc2e9000-7f61fc3e7000 rw-p 00000000 00:00 0 
7f61fc3e7000-7f61fc3ea000 ---p 00000000 00:00 0 
7f61fc3ea000-7f61fc4e8000 rw-p 00000000 00:00 0 
7f61fc4e8000-7f61fc4eb000 ---p 00000000 00:00 0 
7f61fc4eb000-7f61fc5e9000 rw-p 00000000 00:00 0 
7f61fc5e9000-7f61fc5ec000 ---p 00000000 00:00 0 
7f61fc5ec000-7f61fc6ea000 rw-p 00000000 00:00 0 
7f61fc6ea000-7f61fc6ed000 ---p 00000000 00:00 0 
7f61fc6ed000-7f61fc7eb000 rw-p 00000000 00:00 0 
7f61fc7eb000-7f61fc7ee000 ---p 00000000 00:00 0 
7f61fc7ee000-7f61fc8ec000 rw-p 00000000 00:00 0 
7f61fc8ec000-7f61fc8ef000 ---p 00000000 00:00 0 
7f61fc8ef000-7f61fc9ed000 rw-p 00000000 00:00 0 
7f61fc9ed000-7f61fc9f0000 ---p 00000000 00:00 0 
7f61fc9f0000-7f61fcaee000 rw-p 00000000 00:00 0 
7f61fcaee000-7f61fcaf1000 ---p 00000000 00:00 0 
7f61fcaf1000-7f61fcbef000 rw-p 00000000 00:00 0 
7f61fcbef000-7f61fcbf2000 ---p 00000000 00:00 0 
7f61fcbf2000-7f61fccf0000 rw-p 00000000 00:00 0 
7f61fccf0000-7f61fccf3000 ---p 00000000 00:00 0 
7f61fccf3000-7f61fcdf1000 rw-p 00000000 00:00 0 
7f61fcdf1000-7f61fcdf4000 ---p 00000000 00:00 0 
7f61fcdf4000-7f61fcef2000 rw-p 00000000 00:00 0 
7f61fcef2000-7f61fcef5000 ---p 00000000 00:00 0 
7f61fcef5000-7f61fd1f3000 rw-p 00000000 00:00 0 
7f61fd1f3000-7f61fd3f3000 rw-p 00000000 00:00 0 
7f61fd3f3000-7f61fd5f3000 rw-p 00000000 00:00 0 
7f61fd5f3000-7f61fd7f3000 rw-p 00000000 00:00 0 
7f61fd7f3000-7f61fd9f3000 rw-p 00000000 00:00 0 
7f61fd9f3000-7f61fdbf3000 rw-p 00000000 00:00 0 
7f61fdbf3000-7f61fddf3000 rw-p 00000000 00:00 0 
7f61fdeea000-7f61fe0ea000 rw-p 00000000 00:00 0 
7f61fe0ea000-7f61fe2ea000 rw-p 00000000 00:00 0 
7f61fe2ea000-7f61fe4ea000 rw-p 00000000 00:00 0 
7f61fe4ea000-7f61fe4ed000 ---p 00000000 00:00 0 
7f61fe4ed000-7f61fe5eb000 rw-p 00000000 00:00 0 
7f61fe5eb000-7f61fe5ee000 ---p 00000000 00:00 0 
7f61fe5ee000-7f61fe6ec000 rw-p 00000000 00:00 0 
7f61fe6ec000-7f61fe6ef000 ---p 00000000 00:00 0 
7f61fe6ef000-7f61fe7ed000 rw-p 00000000 00:00 0 
7f61fe7ed000-7f61fe7f0000 ---p 00000000 00:00 0 
7f61fe7f0000-7f61feaee000 rw-p 00000000 00:00 0 
7f61feaee000-7f61feaf1000 ---p 00000000 00:00 0 
7f61feaf1000-7f61fedef000 rw-p 00000000 00:00 0 
7f61fedef000-7f61fefef000 rw-p 00000000 00:00 0 
7f61fefef000-7f61ff1ef000 rw-p 00000000 00:00 0 
7f61ff1ef000-7f61ff3ef000 rw-p 00000000 00:00 0 
7f61ff3ef000-7f61ff5ef000 rw-p 00000000 00:00 0 
7f61ff5ef000-7f61ff600000 r-xp 00000000 08:15 7343512                    /home/junior/jdk1.8.0_161/jre/lib/amd64/libnio.so
7f61ff600000-7f61ff7ff000 ---p 00011000 08:15 7343512                    /home/junior/jdk1.8.0_161/jre/lib/amd64/libnio.so
7f61ff7ff000-7f61ff800000 rw-p 00010000 08:15 7343512                    /home/junior/jdk1.8.0_161/jre/lib/amd64/libnio.so
7f61ff800000-7f61ffa00000 rw-p 00000000 00:00 0 
7f61ffa00000-7f61ffc00000 rw-p 00000000 00:00 0 
7f61ffc00000-7f61ffe00000 rw-p 00000000 00:00 0 
7f61ffe00000-7f6200000000 rw-p 00000000 00:00 0 
7f6200000000-7f6200021000 rw-p 00000000 00:00 0 
7f6200021000-7f6204000000 ---p 00000000 00:00 0 
7f6204000000-7f6205556000 rw-p 00000000 00:00 0 
7f6205556000-7f6208000000 ---p 00000000 00:00 0 
7f6208000000-7f6208021000 rw-p 00000000 00:00 0 
7f6208021000-7f620c000000 ---p 00000000 00:00 0 
7f620c000000-7f620c021000 rw-p 00000000 00:00 0 
7f620c021000-7f6210000000 ---p 00000000 00:00 0 
7f6210000000-7f62122d4000 rw-p 00000000 00:00 0 
7f62122d4000-7f6214000000 ---p 00000000 00:00 0 
7f6214000000-7f6214baf000 rw-p 00000000 00:00 0 
7f6214baf000-7f6218000000 ---p 00000000 00:00 0 
7f6218000000-7f6218021000 rw-p 00000000 00:00 0 
7f6218021000-7f621c000000 ---p 00000000 00:00 0 
7f621c000000-7f621def3000 rw-p 00000000 00:00 0 
7f621def3000-7f6220000000 ---p 00000000 00:00 0 
7f6220000000-7f6220021000 rw-p 00000000 00:00 0 
7f6220021000-7f6224000000 ---p 00000000 00:00 0 
7f6224000000-7f6224021000 rw-p 00000000 00:00 0 
7f6224021000-7f6228000000 ---p 00000000 00:00 0 
7f6228000000-7f6228021000 rw-p 00000000 00:00 0 
7f6228021000-7f622c000000 ---p 00000000 00:00 0 
7f622c000000-7f622c291000 rw-p 00000000 00:00 0 
7f622c291000-7f6230000000 ---p 00000000 00:00 0 
7f6230000000-7f6230021000 rw-p 00000000 00:00 0 
7f6230021000-7f6234000000 ---p 00000000 00:00 0 
7f62340d5000-7f62340db000 r--s 0003e000 08:15 7343357                    /home/junior/jdk1.8.0_161/jre/lib/ext/sunjce_provider.jar
7f62340db000-7f62340dd000 r--s 00009000 08:15 7343543                    /home/junior/jdk1.8.0_161/jre/lib/ext/sunec.jar
7f62340dd000-7f62340e1000 r--s 0003a000 08:15 7343467                    /home/junior/jdk1.8.0_161/jre/lib/ext/sunpkcs11.jar
7f62340e1000-7f62340e4000 r--s 0001a000 08:15 7343632                    /home/junior/jdk1.8.0_161/jre/lib/jce.jar
7f62340e4000-7f62340f7000 r--s 00345000 08:15 7343381                    /home/junior/jdk1.8.0_161/jre/lib/resources.jar
7f62340f7000-7f62340fd000 r--s 002f8000 08:15 7343407                    /home/junior/jdk1.8.0_161/jre/lib/charsets.jar
7f62340fd000-7f6234102000 r--s 0009c000 08:15 7343489                    /home/junior/jdk1.8.0_161/jre/lib/jsse.jar
7f6234102000-7f6234105000 ---p 00000000 00:00 0 
7f6234105000-7f6237204000 rw-p 00000000 00:00 0 
7f6237204000-7f623721a000 r-xp 00000000 08:15 7343513                    /home/junior/jdk1.8.0_161/jre/lib/amd64/libnet.so
7f623721a000-7f623741a000 ---p 00016000 08:15 7343513                    /home/junior/jdk1.8.0_161/jre/lib/amd64/libnet.so
7f623741a000-7f623741b000 rw-p 00016000 08:15 7343513                    /home/junior/jdk1.8.0_161/jre/lib/amd64/libnet.so
7f623741b000-7f6237424000 r-xp 00000000 08:15 7343371                    /home/junior/jdk1.8.0_161/jre/lib/amd64/libmanagement.so
7f6237424000-7f6237623000 ---p 00009000 08:15 7343371                    /home/junior/jdk1.8.0_161/jre/lib/amd64/libmanagement.so
7f6237623000-7f6237624000 rw-p 00008000 08:15 7343371                    /home/junior/jdk1.8.0_161/jre/lib/amd64/libmanagement.so
7f6237624000-7f6237627000 ---p 00000000 00:00 0 
7f6237627000-7f6237725000 rw-p 00000000 00:00 0 
7f6237725000-7f6237728000 ---p 00000000 00:00 0 
7f6237728000-7f6237826000 rw-p 00000000 00:00 0 
7f6237826000-7f6237830000 r--s 00115000 08:15 7343303                    /home/junior/jdk1.8.0_161/jre/lib/ext/localedata.jar
7f6237830000-7f623784b000 r--s 0038e000 08:15 7343339                    /home/junior/jdk1.8.0_161/jre/lib/ext/cldrdata.jar
7f623784b000-7f6237852000 r--s 00000000 08:15 3938859                    /usr/lib/x86_64-linux-gnu/gconv/gconv-modules.cache
7f6237852000-7f6237873000 r--p 00000000 08:15 5378079                    /usr/share/locale-langpack/pt_BR/LC_MESSAGES/libc.mo
7f6237873000-7f6237874000 r--s 00003000 08:15 7603428                    /home/junior/.m2/repository/com/googlecode/json-simple/json-simple/1.1/json-simple-1.1.jar
7f6237874000-7f6237878000 r--s 00018000 08:15 7603429                    /home/junior/.m2/repository/io/jsonwebtoken/jjwt/0.7.0/jjwt-0.7.0.jar
7f6237878000-7f623787a000 r--s 00009000 08:15 7603425                    /home/junior/.m2/repository/org/slf4j/slf4j-api/1.7.25/slf4j-api-1.7.25.jar
7f623787a000-7f623787b000 r--s 00008000 08:15 7603423                    /home/junior/.m2/repository/org/thymeleaf/extras/thymeleaf-extras-springsecurity4/2.1.3.RELEASE/thymeleaf-extras-springsecurity4-2.1.3.RELEASE.jar
7f623787b000-7f6237886000 r--s 00053000 08:15 7603421                    /home/junior/.m2/repository/org/springframework/security/spring-security-web/4.2.3.RELEASE/spring-security-web-4.2.3.RELEASE.jar
7f6237886000-7f6237892000 r--s 00056000 08:15 7603419                    /home/junior/.m2/repository/org/springframework/security/spring-security-core/4.2.3.RELEASE/spring-security-core-4.2.3.RELEASE.jar
7f6237892000-7f623789c000 r--s 00086000 08:15 7603418                    /home/junior/.m2/repository/org/springframework/security/spring-security-config/4.2.3.RELEASE/spring-security-config-4.2.3.RELEASE.jar
7f623789c000-7f62378a5000 r--s 00054000 08:15 7603417                    /home/junior/.m2/repository/org/springframework/spring-aop/4.3.12.RELEASE/spring-aop-4.3.12.RELEASE.jar
7f62378a5000-7f62378a6000 r--s 00000000 08:15 7603413                    /home/junior/.m2/repository/org/springframework/boot/spring-boot-starter-security/1.5.8.RELEASE/spring-boot-starter-security-1.5.8.RELEASE.jar
7f62378a6000-7f62378a7000 r--s 00004000 08:15 7603412                    /home/junior/.m2/repository/com/vaadin/external/google/android-json/0.0.20131108.vaadin1/android-json-0.0.20131108.vaadin1.jar
7f62378a7000-7f62378a9000 r--s 0000d000 08:15 7603409                    /home/junior/.m2/repository/org/springframework/boot/spring-boot-configuration-processor/1.5.8.RELEASE/spring-boot-configuration-processor-1.5.8.RELEASE.jar
7f62378a9000-7f62378ac000 r--s 00019000 08:15 7603407                    /home/junior/.m2/repository/commons-pool/commons-pool/1.6/commons-pool-1.6.jar
7f62378ac000-7f62378af000 r--s 00025000 08:15 7603406                    /home/junior/.m2/repository/commons-dbcp/commons-dbcp/1.4/commons-dbcp-1.4.jar
7f62378af000-7f62378c4000 r--s 000e1000 08:15 7603405                    /home/junior/.m2/repository/net/sf/ehcache/ehcache-core/2.4.3/ehcache-core-2.4.3.jar
7f62378c4000-7f62378c7000 r--s 00020000 08:15 7603401                    /home/junior/.m2/repository/org/hibernate/hibernate-ehcache/5.0.12.Final/hibernate-ehcache-5.0.12.Final.jar
7f62378c7000-7f62378ca000 r--s 00010000 08:15 7603400                    /home/junior/.m2/repository/org/hibernate/common/hibernate-commons-annotations/5.0.1.Final/hibernate-commons-annotations-5.0.1.Final.jar
7f62378ca000-7f62378cf000 r--s 00048000 08:15 7603397                    /home/junior/.m2/repository/dom4j/dom4j/1.6.1/dom4j-1.6.1.jar
7f62378cf000-7f62378d2000 r--s 0002b000 08:15 7603396                    /home/junior/.m2/repository/org/jboss/jandex/2.0.0.Final/jandex-2.0.0.Final.jar
7f62378d2000-7f62378d3000 r--s 00003000 08:15 7603393                    /home/junior/.m2/repository/org/apache/geronimo/specs/geronimo-jta_1.1_spec/1.1.1/geronimo-jta_1.1_spec-1.1.1.jar
7f62378d3000-7f62378d8000 r--s 00068000 08:15 7603392                    /home/junior/.m2/repository/antlr/antlr/2.7.7/antlr-2.7.7.jar
7f62378d8000-7f62378e2000 r--s 000aa000 08:15 7603391                    /home/junior/.m2/repository/org/javassist/javassist/3.21.0-GA/javassist-3.21.0-GA.jar
7f62378e2000-7f62378e7000 r--s 00017000 08:15 7603389                    /home/junior/.m2/repository/org/hibernate/javax/persistence/hibernate-jpa-2.1-api/1.0.0.Final/hibernate-jpa-2.1-api-1.0.0.Final.jar
7f62378e7000-7f62378ea000 r--s 0000e000 08:15 7603385                    /home/junior/.m2/repository/org/jboss/logging/jboss-logging/3.3.1.Final/jboss-logging-3.3.1.Final.jar
7f62378ea000-7f6237953000 r--s 004f3000 08:15 7603383                    /home/junior/.m2/repository/org/hibernate/hibernate-core/5.0.12.Final/hibernate-core-5.0.12.Final.jar
7f6237953000-7f623796a000 r--s 000fc000 08:15 7603379                    /home/junior/.m2/repository/org/springframework/spring-core/4.3.12.RELEASE/spring-core-4.3.12.RELEASE.jar
7f623796a000-7f6237974000 r--s 000eb000 08:15 7603351                    /home/junior/.m2/repository/mysql/mysql-connector-java/5.1.44/mysql-connector-java-5.1.44.jar
7f6237974000-7f6237994000 r--s 000e6000 08:15 7603349                    /home/junior/.m2/repository/org/springframework/boot/spring-boot-autoconfigure/1.5.8.RELEASE/spring-boot-autoconfigure-1.5.8.RELEASE.jar
7f6237994000-7f62379a4000 r--s 00095000 08:15 7603345                    /home/junior/.m2/repository/org/springframework/boot/spring-boot/1.5.8.RELEASE/spring-boot-1.5.8.RELEASE.jar
7f62379a4000-7f62379aa000 r--s 0002f000 08:15 7603343                    /home/junior/.m2/repository/org/springframework/boot/spring-boot-devtools/1.5.8.RELEASE/spring-boot-devtools-1.5.8.RELEASE.jar
7f62379aa000-7f62379af000 r--s 0003c000 08:15 7603342                    /home/junior/.m2/repository/org/springframework/spring-expression/4.3.12.RELEASE/spring-expression-4.3.12.RELEASE.jar
7f62379af000-7f62379c0000 r--s 000cf000 08:15 7603339                    /home/junior/.m2/repository/org/springframework/spring-webmvc/4.3.12.RELEASE/spring-webmvc-4.3.12.RELEASE.jar
7f62379c0000-7f62379d1000 r--s 000b8000 08:15 7603337                    /home/junior/.m2/repository/org/springframework/spring-web/4.3.12.RELEASE/spring-web-4.3.12.RELEASE.jar
7f62379d1000-7f62379d5000 r--s 00042000 08:15 7603336                    /home/junior/.m2/repository/com/fasterxml/jackson/core/jackson-core/2.8.10/jackson-core-2.8.10.jar
7f62379d5000-7f62379d8000 r--s 0000b000 08:15 7603333                    /home/junior/.m2/repository/com/fasterxml/jackson/core/jackson-annotations/2.8.0/jackson-annotations-2.8.0.jar
7f62379d8000-7f62379ea000 r--s 0011e000 08:15 7603332                    /home/junior/.m2/repository/com/fasterxml/jackson/core/jackson-databind/2.8.10/jackson-databind-2.8.10.jar
7f62379ea000-7f62379ec000 r--s 0000e000 08:15 7603329                    /home/junior/.m2/repository/com/fasterxml/classmate/1.3.4/classmate-1.3.4.jar
7f62379ec000-7f62379f0000 r--s 0000c000 08:15 7603328                    /home/junior/.m2/repository/javax/validation/validation-api/1.1.0.Final/validation-api-1.1.0.Final.jar
7f62379f0000-7f6237a01000 r--s 000a1000 08:15 7603325                    /home/junior/.m2/repository/org/hibernate/hibernate-validator/5.3.5.Final/hibernate-validator-5.3.5.Final.jar
7f6237a01000-7f6237a06000 r--s 00038000 08:15 7603323                    /home/junior/.m2/repository/org/apache/tomcat/embed/tomcat-embed-websocket/8.5.23/tomcat-embed-websocket-8.5.23.jar
7f6237a06000-7f6237a0a000 r--s 00037000 08:15 7603322                    /home/junior/.m2/repository/org/apache/tomcat/embed/tomcat-embed-el/8.5.23/tomcat-embed-el-8.5.23.jar
7f6237a0a000-7f6237a0c000 r--s 00003000 08:15 7603321                    /home/junior/.m2/repository/org/apache/tomcat/tomcat-annotations-api/8.5.23/tomcat-annotations-api-8.5.23.jar
7f6237a0c000-7f6237a35000 r--s 002c7000 08:15 7603319                    /home/junior/.m2/repository/org/apache/tomcat/embed/tomcat-embed-core/8.5.23/tomcat-embed-core-8.5.23.jar
7f6237a35000-7f6237a36000 r--s 00000000 08:15 7603317                    /home/junior/.m2/repository/org/springframework/boot/spring-boot-starter-tomcat/1.5.8.RELEASE/spring-boot-starter-tomcat-1.5.8.RELEASE.jar
7f6237a36000-7f6237a82000 r--s 0040e000 08:15 7603312                    /home/junior/.m2/repository/org/codehaus/groovy/groovy/2.4.12/groovy-2.4.12.jar
7f6237a82000-7f6237a85000 r--s 0001a000 08:15 7603310                    /home/junior/.m2/repository/nz/net/ultraq/thymeleaf/thymeleaf-layout-dialect/1.4.0/thymeleaf-layout-dialect-1.4.0.jar
7f6237a85000-7f6237a88000 r--s 00020000 08:15 7603308                    /home/junior/.m2/repository/org/unbescape/unbescape/1.1.0.RELEASE/unbescape-1.1.0.RELEASE.jar
7f6237a88000-7f6237a8b000 r--s 00035000 08:15 7603305                    /home/junior/.m2/repository/ognl/ognl/3.0.8/ognl-3.0.8.jar
7f6237a8b000-7f6237a98000 r--s 000b7000 08:15 7603304                    /home/junior/.m2/repository/org/thymeleaf/thymeleaf/2.1.5.RELEASE/thymeleaf-2.1.5.RELEASE.jar
7f6237a98000-7f6237a9b000 r--s 00034000 08:15 7603301                    /home/junior/.m2/repository/org/thymeleaf/thymeleaf-spring4/2.1.5.RELEASE/thymeleaf-spring4-2.1.5.RELEASE.jar
7f6237a9b000-7f6237aa9000 r--s 000ad000 08:15 7603294                    /home/junior/.m2/repository/org/springframework/spring-beans/4.3.12.RELEASE/spring-beans-4.3.12.RELEASE.jar
7f6237aa9000-7f6237ab1000 r--s 0003a000 08:15 7603291                    /home/junior/.m2/repository/org/springframework/spring-tx/4.3.12.RELEASE/spring-tx-4.3.12.RELEASE.jar
7f6237ab1000-7f6237aca000 r--s 000fe000 08:15 7603290                    /home/junior/.m2/repository/org/springframework/spring-context/4.3.12.RELEASE/spring-context-4.3.12.RELEASE.jar
7f6237aca000-7f6237ad4000 r--s 0006b000 08:15 7603287                    /home/junior/.m2/repository/org/springframework/spring-orm/4.3.12.RELEASE/spring-orm-4.3.12.RELEASE.jar
7f6237ad4000-7f6237ae7000 r--s 000ad000 08:15 7603286                    /home/junior/.m2/repository/org/springframework/data/spring-data-commons/1.13.8.RELEASE/spring-data-commons-1.13.8.RELEASE.jar
7f6237ae7000-7f6237aee000 r--s 00041000 08:15 7603283                    /home/junior/.m2/repository/org/springframework/data/spring-data-jpa/1.11.8.RELEASE/spring-data-jpa-1.11.8.RELEASE.jar
7f6237aee000-7f6237afb000 r--s 00089000 08:15 7603279                    /home/junior/.m2/repository/org/hibernate/hibernate-entitymanager/5.0.12.Final/hibernate-entitymanager-5.0.12.Final.jar
7f6237afb000-7f6237afc000 ---p 00000000 00:00 0 
7f6237afc000-7f6237bfc000 rw-p 00000000 00:00 0 
7f6237bfc000-7f6237bff000 ---p 00000000 00:00 0 
7f6237bff000-7f6237cfd000 rw-p 00000000 00:00 0 
7f6237cfd000-7f6237d00000 ---p 00000000 00:00 0 
7f6237d00000-7f6237dfe000 rw-p 00000000 00:00 0 
7f6237dfe000-7f6237e01000 ---p 00000000 00:00 0 
7f6237e01000-7f6237eff000 rw-p 00000000 00:00 0 
7f6237eff000-7f6237f02000 ---p 00000000 00:00 0 
7f6237f02000-7f6238000000 rw-p 00000000 00:00 0 
7f6238000000-7f623802e000 rw-p 00000000 00:00 0 
7f623802e000-7f623c000000 ---p 00000000 00:00 0 
7f623c000000-7f623c001000 r--s 00000000 08:15 7603313                    /home/junior/.m2/repository/org/springframework/boot/spring-boot-starter-web/1.5.8.RELEASE/spring-boot-starter-web-1.5.8.RELEASE.jar
7f623c001000-7f623c004000 r--s 0000c000 08:15 7603299                    /home/junior/.m2/repository/org/springframework/spring-aspects/4.3.12.RELEASE/spring-aspects-4.3.12.RELEASE.jar
7f623c004000-7f623c006000 r--s 00003000 08:15 7603295                    /home/junior/.m2/repository/org/slf4j/jcl-over-slf4j/1.7.25/jcl-over-slf4j-1.7.25.jar
7f623c006000-7f623c2e0000 r--p 00000000 08:15 3673562                    /usr/lib/locale/locale-archive
7f623c2e0000-7f6240000000 rw-p 00000000 00:00 0 
7f6240000000-7f6240021000 rw-p 00000000 00:00 0 
7f6240021000-7f6244000000 ---p 00000000 00:00 0 
7f6244000000-7f6244001000 r--s 00000000 08:15 7603300                    /home/junior/.m2/repository/org/springframework/boot/spring-boot-starter-thymeleaf/1.5.8.RELEASE/spring-boot-starter-thymeleaf-1.5.8.RELEASE.jar
7f6244001000-7f6244019000 r--s 001bf000 08:15 7603270                    /home/junior/.m2/repository/org/aspectj/aspectjweaver/1.8.11/aspectjweaver-1.8.11.jar
7f6244019000-7f62440af000 r--s 01102000 08:15 7343388                    /home/junior/jdk1.8.0_161/jre/lib/ext/jfxrt.jar
7f62440af000-7f62440b2000 ---p 00000000 00:00 0 
7f62440b2000-7f62441b0000 rw-p 00000000 00:00 0 
7f62441b0000-7f62441b3000 ---p 00000000 00:00 0 
7f62441b3000-7f62442b1000 rw-p 00000000 00:00 0 
7f62442b1000-7f62442b4000 ---p 00000000 00:00 0 
7f62442b4000-7f62443b2000 rw-p 00000000 00:00 0 
7f62443b2000-7f62443b3000 ---p 00000000 00:00 0 
7f62443b3000-7f6245000000 rw-p 00000000 00:00 0 
7f6245000000-7f6246b00000 rwxp 00000000 00:00 0 
7f6246b00000-7f6254000000 ---p 00000000 00:00 0 
7f6254000000-7f62547a1000 rw-p 00000000 00:00 0 
7f62547a1000-7f6258000000 ---p 00000000 00:00 0 
7f6258000000-7f6258002000 r--s 00006000 08:15 7603282                    /home/junior/.m2/repository/javax/transaction/javax.transaction-api/1.2/javax.transaction-api-1.2.jar
7f6258002000-7f625800c000 r--s 0005f000 08:15 7603278                    /home/junior/.m2/repository/org/springframework/spring-jdbc/4.3.12.RELEASE/spring-jdbc-4.3.12.RELEASE.jar
7f625800c000-7f625800d000 r--s 0000b000 08:15 7603277                    /home/junior/.m2/repository/org/apache/tomcat/tomcat-juli/8.5.23/tomcat-juli-8.5.23.jar
7f625800d000-7f62584a2000 rw-p 00000000 00:00 0 
7f62584a2000-7f625867b000 r--s 03d64000 08:15 7343644                    /home/junior/jdk1.8.0_161/jre/lib/rt.jar
7f625867b000-7f62592c3000 rw-p 00000000 00:00 0 
7f62592c3000-7f62592c4000 ---p 00000000 00:00 0 
7f62592c4000-7f62593c4000 rw-p 00000000 00:00 0 
7f62593c4000-7f62593c5000 ---p 00000000 00:00 0 
7f62593c5000-7f62594c5000 rw-p 00000000 00:00 0 
7f62594c5000-7f62594c6000 ---p 00000000 00:00 0 
7f62594c6000-7f62595c6000 rw-p 00000000 00:00 0 
7f62595c6000-7f62595c7000 ---p 00000000 00:00 0 
7f62595c7000-7f6259702000 rw-p 00000000 00:00 0 
7f6259702000-7f6259953000 ---p 00000000 00:00 0 
7f6259953000-7f625998e000 rw-p 00000000 00:00 0 
7f625998e000-7f6259bdf000 ---p 00000000 00:00 0 
7f6259bdf000-7f6259cd1000 rw-p 00000000 00:00 0 
7f6259cd1000-7f6259d25000 ---p 00000000 00:00 0 
7f6259d25000-7f6259d92000 rw-p 00000000 00:00 0 
7f6259d92000-7f625a0e6000 ---p 00000000 00:00 0 
7f625a0e6000-7f625a101000 r-xp 00000000 08:15 7343511                    /home/junior/jdk1.8.0_161/jre/lib/amd64/libzip.so
7f625a101000-7f625a301000 ---p 0001b000 08:15 7343511                    /home/junior/jdk1.8.0_161/jre/lib/amd64/libzip.so
7f625a301000-7f625a302000 rw-p 0001b000 08:15 7343511                    /home/junior/jdk1.8.0_161/jre/lib/amd64/libzip.so
7f625a302000-7f625a30d000 r-xp 00000000 08:15 12063081                   /lib/x86_64-linux-gnu/libnss_files-2.23.so
7f625a30d000-7f625a50c000 ---p 0000b000 08:15 12063081                   /lib/x86_64-linux-gnu/libnss_files-2.23.so
7f625a50c000-7f625a50d000 r--p 0000a000 08:15 12063081                   /lib/x86_64-linux-gnu/libnss_files-2.23.so
7f625a50d000-7f625a50e000 rw-p 0000b000 08:15 12063081                   /lib/x86_64-linux-gnu/libnss_files-2.23.so
7f625a50e000-7f625a514000 rw-p 00000000 00:00 0 
7f625a514000-7f625a51f000 r-xp 00000000 08:15 12063088                   /lib/x86_64-linux-gnu/libnss_nis-2.23.so
7f625a51f000-7f625a71e000 ---p 0000b000 08:15 12063088                   /lib/x86_64-linux-gnu/libnss_nis-2.23.so
7f625a71e000-7f625a71f000 r--p 0000a000 08:15 12063088                   /lib/x86_64-linux-gnu/libnss_nis-2.23.so
7f625a71f000-7f625a720000 rw-p 0000b000 08:15 12063088                   /lib/x86_64-linux-gnu/libnss_nis-2.23.so
7f625a720000-7f625a736000 r-xp 00000000 08:15 12058707                   /lib/x86_64-linux-gnu/libnsl-2.23.so
7f625a736000-7f625a935000 ---p 00016000 08:15 12058707                   /lib/x86_64-linux-gnu/libnsl-2.23.so
7f625a935000-7f625a936000 r--p 00015000 08:15 12058707                   /lib/x86_64-linux-gnu/libnsl-2.23.so
7f625a936000-7f625a937000 rw-p 00016000 08:15 12058707                   /lib/x86_64-linux-gnu/libnsl-2.23.so
7f625a937000-7f625a939000 rw-p 00000000 00:00 0 
7f625a939000-7f625a941000 r-xp 00000000 08:15 12058718                   /lib/x86_64-linux-gnu/libnss_compat-2.23.so
7f625a941000-7f625ab40000 ---p 00008000 08:15 12058718                   /lib/x86_64-linux-gnu/libnss_compat-2.23.so
7f625ab40000-7f625ab41000 r--p 00007000 08:15 12058718                   /lib/x86_64-linux-gnu/libnss_compat-2.23.so
7f625ab41000-7f625ab42000 rw-p 00008000 08:15 12058718                   /lib/x86_64-linux-gnu/libnss_compat-2.23.so
7f625ab42000-7f625ab6d000 r-xp 00000000 08:15 7343485                    /home/junior/jdk1.8.0_161/jre/lib/amd64/libjava.so
7f625ab6d000-7f625ad6c000 ---p 0002b000 08:15 7343485                    /home/junior/jdk1.8.0_161/jre/lib/amd64/libjava.so
7f625ad6c000-7f625ad6e000 rw-p 0002a000 08:15 7343485                    /home/junior/jdk1.8.0_161/jre/lib/amd64/libjava.so
7f625ad6e000-7f625ad7b000 r-xp 00000000 08:15 7343448                    /home/junior/jdk1.8.0_161/jre/lib/amd64/libverify.so
7f625ad7b000-7f625af7b000 ---p 0000d000 08:15 7343448                    /home/junior/jdk1.8.0_161/jre/lib/amd64/libverify.so
7f625af7b000-7f625af7d000 rw-p 0000d000 08:15 7343448                    /home/junior/jdk1.8.0_161/jre/lib/amd64/libverify.so
7f625af7d000-7f625af84000 r-xp 00000000 08:15 12063158                   /lib/x86_64-linux-gnu/librt-2.23.so
7f625af84000-7f625b183000 ---p 00007000 08:15 12063158                   /lib/x86_64-linux-gnu/librt-2.23.so
7f625b183000-7f625b184000 r--p 00006000 08:15 12063158                   /lib/x86_64-linux-gnu/librt-2.23.so
7f625b184000-7f625b185000 rw-p 00007000 08:15 12063158                   /lib/x86_64-linux-gnu/librt-2.23.so
7f625b185000-7f625b28d000 r-xp 00000000 08:15 12058649                   /lib/x86_64-linux-gnu/libm-2.23.so
7f625b28d000-7f625b48c000 ---p 00108000 08:15 12058649                   /lib/x86_64-linux-gnu/libm-2.23.so
7f625b48c000-7f625b48d000 r--p 00107000 08:15 12058649                   /lib/x86_64-linux-gnu/libm-2.23.so
7f625b48d000-7f625b48e000 rw-p 00108000 08:15 12058649                   /lib/x86_64-linux-gnu/libm-2.23.so
7f625b48e000-7f625c167000 r-xp 00000000 08:15 7343366                    /home/junior/jdk1.8.0_161/jre/lib/amd64/server/libjvm.so
7f625c167000-7f625c366000 ---p 00cd9000 08:15 7343366                    /home/junior/jdk1.8.0_161/jre/lib/amd64/server/libjvm.so
7f625c366000-7f625c43f000 rw-p 00cd8000 08:15 7343366                    /home/junior/jdk1.8.0_161/jre/lib/amd64/server/libjvm.so
7f625c43f000-7f625c48b000 rw-p 00000000 00:00 0 
7f625c48b000-7f625c64b000 r-xp 00000000 08:15 12058710                   /lib/x86_64-linux-gnu/libc-2.23.so
7f625c64b000-7f625c84b000 ---p 001c0000 08:15 12058710                   /lib/x86_64-linux-gnu/libc-2.23.so
7f625c84b000-7f625c84f000 r--p 001c0000 08:15 12058710                   /lib/x86_64-linux-gnu/libc-2.23.so
7f625c84f000-7f625c851000 rw-p 001c4000 08:15 12058710                   /lib/x86_64-linux-gnu/libc-2.23.so
7f625c851000-7f625c855000 rw-p 00000000 00:00 0 
7f625c855000-7f625c858000 r-xp 00000000 08:15 12058712                   /lib/x86_64-linux-gnu/libdl-2.23.so
7f625c858000-7f625ca57000 ---p 00003000 08:15 12058712                   /lib/x86_64-linux-gnu/libdl-2.23.so
7f625ca57000-7f625ca58000 r--p 00002000 08:15 12058712                   /lib/x86_64-linux-gnu/libdl-2.23.so
7f625ca58000-7f625ca59000 rw-p 00003000 08:15 12058712                   /lib/x86_64-linux-gnu/libdl-2.23.so
7f625ca59000-7f625ca6f000 r-xp 00000000 08:15 7343520                    /home/junior/jdk1.8.0_161/lib/amd64/jli/libjli.so
7f625ca6f000-7f625cc6e000 ---p 00016000 08:15 7343520                    /home/junior/jdk1.8.0_161/lib/amd64/jli/libjli.so
7f625cc6e000-7f625cc6f000 rw-p 00015000 08:15 7343520                    /home/junior/jdk1.8.0_161/lib/amd64/jli/libjli.so
7f625cc6f000-7f625cc87000 r-xp 00000000 08:15 12058709                   /lib/x86_64-linux-gnu/libpthread-2.23.so
7f625cc87000-7f625ce86000 ---p 00018000 08:15 12058709                   /lib/x86_64-linux-gnu/libpthread-2.23.so
7f625ce86000-7f625ce87000 r--p 00017000 08:15 12058709                   /lib/x86_64-linux-gnu/libpthread-2.23.so
7f625ce87000-7f625ce88000 rw-p 00018000 08:15 12058709                   /lib/x86_64-linux-gnu/libpthread-2.23.so
7f625ce88000-7f625ce8c000 rw-p 00000000 00:00 0 
7f625ce8c000-7f625ceb2000 r-xp 00000000 08:15 12058708                   /lib/x86_64-linux-gnu/ld-2.23.so
7f625ceb2000-7f625ceb5000 r--s 00021000 08:15 7603273                    /home/junior/.m2/repository/org/apache/tomcat/tomcat-jdbc/8.5.23/tomcat-jdbc-8.5.23.jar
7f625ceb5000-7f625cebb000 r--s 0003d000 08:15 7603265                    /home/junior/.m2/repository/org/yaml/snakeyaml/1.17/snakeyaml-1.17.jar
7f625cebb000-7f625cec6000 r--s 0006a000 08:15 7603260                    /home/junior/.m2/repository/ch/qos/logback/logback-core/1.1.11/logback-core-1.1.11.jar
7f625cec6000-7f625cf91000 rw-p 00000000 00:00 0 
7f625cf91000-7f625cf94000 ---p 00000000 00:00 0 
7f625cf94000-7f625d096000 rw-p 00000000 00:00 0 
7f625d096000-7f625d097000 r--s 00000000 08:15 7603272                    /home/junior/.m2/repository/org/springframework/boot/spring-boot-starter-jdbc/1.5.8.RELEASE/spring-boot-starter-jdbc-1.5.8.RELEASE.jar
7f625d097000-7f625d098000 r--s 00000000 08:15 7603268                    /home/junior/.m2/repository/org/springframework/boot/spring-boot-starter-aop/1.5.8.RELEASE/spring-boot-starter-aop-1.5.8.RELEASE.jar
7f625d098000-7f625d09a000 r--s 00004000 08:15 7603264                    /home/junior/.m2/repository/org/slf4j/log4j-over-slf4j/1.7.25/log4j-over-slf4j-1.7.25.jar
7f625d09a000-7f625d09c000 r--s 00000000 08:15 7603263                    /home/junior/.m2/repository/org/slf4j/jul-to-slf4j/1.7.25/jul-to-slf4j-1.7.25.jar
7f625d09c000-7f625d0a3000 r--s 00045000 08:15 7603259                    /home/junior/.m2/repository/ch/qos/logback/logback-classic/1.1.11/logback-classic-1.1.11.jar
7f625d0a3000-7f625d0a4000 r--s 00000000 08:15 7603256                    /home/junior/.m2/repository/org/springframework/boot/spring-boot-starter-logging/1.5.8.RELEASE/spring-boot-starter-logging-1.5.8.RELEASE.jar
7f625d0a4000-7f625d0a5000 r--s 00000000 08:15 7603257                    /home/junior/.m2/repository/org/springframework/boot/spring-boot-starter/1.5.8.RELEASE/spring-boot-starter-1.5.8.RELEASE.jar
7f625d0a5000-7f625d0a6000 r--s 00000000 08:15 7603255                    /home/junior/.m2/repository/org/springframework/boot/spring-boot-starter-data-jpa/1.5.8.RELEASE/spring-boot-starter-data-jpa-1.5.8.RELEASE.jar
7f625d0a6000-7f625d0ae000 rw-s 00000000 08:15 10757435                   /tmp/hsperfdata_junior/12021
7f625d0ae000-7f625d0af000 rw-p 00000000 00:00 0 
7f625d0af000-7f625d0b0000 ---p 00000000 00:00 0 
7f625d0b0000-7f625d0b1000 rw-p 00000000 00:00 0 
7f625d0b1000-7f625d0b2000 r--p 00025000 08:15 12058708                   /lib/x86_64-linux-gnu/ld-2.23.so
7f625d0b2000-7f625d0b3000 rw-p 00026000 08:15 12058708                   /lib/x86_64-linux-gnu/ld-2.23.so
7f625d0b3000-7f625d0b4000 rw-p 00000000 00:00 0 
7ffc8fc8a000-7ffc8fcad000 rw-p 00000000 00:00 0                          [stack]
7ffc8fd40000-7ffc8fd42000 r--p 00000000 00:00 0                          [vvar]
7ffc8fd42000-7ffc8fd44000 r-xp 00000000 00:00 0                          [vdso]
ffffffffff600000-ffffffffff601000 r-xp 00000000 00:00 0                  [vsyscall]

VM Arguments:
java_command: br.com.hellohi.api.ApiApplication
java_class_path (initial): /home/junior/rea de Trabalho/apiHellohi/target/classes:/home/junior/.m2/repository/org/springframework/boot/spring-boot-starter-data-jpa/1.5.8.RELEASE/spring-boot-starter-data-jpa-1.5.8.RELEASE.jar:/home/junior/.m2/repository/org/springframework/boot/spring-boot-starter/1.5.8.RELEASE/spring-boot-starter-1.5.8.RELEASE.jar:/home/junior/.m2/repository/org/springframework/boot/spring-boot-starter-logging/1.5.8.RELEASE/spring-boot-starter-logging-1.5.8.RELEASE.jar:/home/junior/.m2/repository/ch/qos/logback/logback-classic/1.1.11/logback-classic-1.1.11.jar:/home/junior/.m2/repository/ch/qos/logback/logback-core/1.1.11/logback-core-1.1.11.jar:/home/junior/.m2/repository/org/slf4j/jul-to-slf4j/1.7.25/jul-to-slf4j-1.7.25.jar:/home/junior/.m2/repository/org/slf4j/log4j-over-slf4j/1.7.25/log4j-over-slf4j-1.7.25.jar:/home/junior/.m2/repository/org/yaml/snakeyaml/1.17/snakeyaml-1.17.jar:/home/junior/.m2/repository/org/springframework/boot/spring-boot-starter-aop/1.5.8.RELEASE/spring-boot-starter-aop-1.5.8.RELEASE.jar:/home/junior/.m2/repository/org/aspectj/aspectjweaver/1.8.11/aspectjweaver-1.8.11.jar:/home/junior/.m2/repository/org/springframework/boot/spring-boot-starter-jdbc/1.5.8.RELEASE/spring-boot-starter-jdbc-1.5.8.RELEASE.jar:/home/junior/.m2/repository/org/apache/tomcat/tomcat-jdbc/8.5.23/tomcat-jdbc-8.5.23.jar:/home/junior/.m2/repository/org/apache/tomcat/tomcat-juli/8.5.23/tomcat-juli-8.5.23.jar:/home/junior/.m2/repository/org/springframework/spring-jdbc/4.3.12.RELEASE/spring-jdbc-4.3.12.RELEASE.jar:/home/junior/.m2/repository/org/hibernate/hibernate-entitymanager/5.0.12.Final/hibernate-entitymanager-5.0.12.Final.jar:/home/junior/.m2/repository/javax/transaction/javax.transaction-api/1.2/javax.transaction-api-1.2.jar:/home/junior/.m2/repository/org/springframework/data/spring-data-jpa/1.11.8.RELEASE/spring-data-jpa-1.11.8.RELEASE.jar:/home/junior/.m2/repository/org/springframework/data/spring-data-commons/1.13.8.RELEASE/spring-data-commo
Launcher Type: SUN_STANDARD

Environment Variables:
JAVA_HOME=/home/junior/jdk1.8.0_161
PATH=/home/junior/bin:/home/junior/.local/bin:/usr/local/sbin:/usr/local/bin:/usr/sbin:/usr/bin:/sbin:/bin:/usr/games:/usr/local/games:/snap/bin:/home/junior/Android/Sdk/tools:/usr/lib/jvm/java-8-oracle/bin:/usr/lib/jvm/java-8-oracle/db/bin:/usr/lib/jvm/java-8-oracle/jre/bin
LD_LIBRARY_PATH=/home/junior/jdk1.8.0_161/jre/lib/amd64:/home/junior/jdk1.8.0_161/jre/lib/i386:
SHELL=/bin/bash
DISPLAY=:0

Signal Handlers:
SIGSEGV: [libjvm.so+0xad01e0], sa_mask[0]=11111111011111111101111111111110, sa_flags=SA_RESTART|SA_SIGINFO
SIGBUS: [libjvm.so+0xad01e0], sa_mask[0]=11111111011111111101111111111110, sa_flags=SA_RESTART|SA_SIGINFO
SIGFPE: [libjvm.so+0x927fb0], sa_mask[0]=11111111011111111101111111111110, sa_flags=SA_RESTART|SA_SIGINFO
SIGPIPE: [libjvm.so+0x927fb0], sa_mask[0]=11111111011111111101111111111110, sa_flags=SA_RESTART|SA_SIGINFO
SIGXFSZ: [libjvm.so+0x927fb0], sa_mask[0]=11111111011111111101111111111110, sa_flags=SA_RESTART|SA_SIGINFO
SIGILL: [libjvm.so+0x927fb0], sa_mask[0]=11111111011111111101111111111110, sa_flags=SA_RESTART|SA_SIGINFO
SIGUSR1: SIG_DFL, sa_mask[0]=00000000000000000000000000000000, sa_flags=none
SIGUSR2: [libjvm.so+0x9297f0], sa_mask[0]=00100000000000000000000000000000, sa_flags=SA_RESTART|SA_SIGINFO
SIGHUP: [libjvm.so+0x92abf0], sa_mask[0]=11111111011111111101111111111110, sa_flags=SA_RESTART|SA_SIGINFO
SIGINT: SIG_IGN, sa_mask[0]=00000000000000000000000000000000, sa_flags=none
SIGTERM: [libjvm.so+0x92abf0], sa_mask[0]=11111111011111111101111111111110, sa_flags=SA_RESTART|SA_SIGINFO
SIGQUIT: [libjvm.so+0x92abf0], sa_mask[0]=11111111011111111101111111111110, sa_flags=SA_RESTART|SA_SIGINFO


---------------  S Y S T E M  ---------------

OS:DISTRIB_ID=Ubuntu
DISTRIB_RELEASE=16.04
DISTRIB_CODENAME=xenial
DISTRIB_DESCRIPTION="Ubuntu 16.04.4 LTS"

uname:Linux 4.10.0-28-generic #32~16.04.2-Ubuntu SMP Thu Jul 20 10:19:48 UTC 2017 x86_64
libc:glibc 2.23 NPTL 2.23 
rlimit: STACK 8192k, CORE 0k, NPROC 31103, NOFILE 1048576, AS infinity
load average:35,34 20,53 10,39

/proc/meminfo:
MemTotal:        8007044 kB
MemFree:          103664 kB
MemAvailable:      25288 kB
Buffers:            1092 kB
Cached:           677384 kB
SwapCached:         6944 kB
Active:          6719816 kB
Inactive:         858148 kB
Active(anon):    6699920 kB
Inactive(anon):   838340 kB
Active(file):      19896 kB
Inactive(file):    19808 kB
Unevictable:         188 kB
Mlocked:             188 kB
SwapTotal:        358396 kB
SwapFree:              0 kB
Dirty:                88 kB
Writeback:           644 kB
AnonPages:       6893604 kB
Mapped:           164760 kB
Shmem:            638148 kB
Slab:             141008 kB
SReclaimable:      78348 kB
SUnreclaim:        62660 kB
KernelStack:       20256 kB
PageTables:        86156 kB
NFS_Unstable:          0 kB
Bounce:                0 kB
WritebackTmp:          0 kB
CommitLimit:     4361916 kB
Committed_AS:   17012144 kB
VmallocTotal:   34359738367 kB
VmallocUsed:           0 kB
VmallocChunk:          0 kB
HardwareCorrupted:     0 kB
AnonHugePages:   2304000 kB
ShmemHugePages:        0 kB
ShmemPmdMapped:        0 kB
CmaTotal:              0 kB
CmaFree:               0 kB
HugePages_Total:       0
HugePages_Free:        0
HugePages_Rsvd:        0
HugePages_Surp:        0
Hugepagesize:       2048 kB
DirectMap4k:      279296 kB
DirectMap2M:     7942144 kB


CPU:total 4 (initial active 4) (2 cores per cpu, 2 threads per core) family 6 model 42 stepping 7, cmov, cx8, fxsr, mmx, sse, sse2, sse3, ssse3, sse4.1, sse4.2, popcnt, avx, clmul, ht, tsc, tscinvbit

/proc/cpuinfo:
processor	: 0
vendor_id	: GenuineIntel
cpu family	: 6
model		: 42
model name	: Intel(R) Core(TM) i3-2328M CPU @ 2.20GHz
stepping	: 7
microcode	: 0x29
cpu MHz		: 869.177
cache size	: 3072 KB
physical id	: 0
siblings	: 4
core id		: 0
cpu cores	: 2
apicid		: 0
initial apicid	: 0
fpu		: yes
fpu_exception	: yes
cpuid level	: 13
wp		: yes
flags		: fpu vme de pse tsc msr pae mce cx8 apic sep mtrr pge mca cmov pat pse36 clflush dts acpi mmx fxsr sse sse2 ss ht tm pbe syscall nx rdtscp lm constant_tsc arch_perfmon pebs bts rep_good nopl xtopology nonstop_tsc aperfmperf pni pclmulqdq dtes64 monitor ds_cpl vmx est tm2 ssse3 cx16 xtpr pdcm pcid sse4_1 sse4_2 x2apic popcnt tsc_deadline_timer xsave avx lahf_lm epb tpr_shadow vnmi flexpriority ept vpid xsaveopt dtherm arat pln pts
bugs		:
bogomips	: 4390.34
clflush size	: 64
cache_alignment	: 64
address sizes	: 36 bits physical, 48 bits virtual
power management:

processor	: 1
vendor_id	: GenuineIntel
cpu family	: 6
model		: 42
model name	: Intel(R) Core(TM) i3-2328M CPU @ 2.20GHz
stepping	: 7
microcode	: 0x29
cpu MHz		: 1172.106
cache size	: 3072 KB
physical id	: 0
siblings	: 4
core id		: 0
cpu cores	: 2
apicid		: 1
initial apicid	: 1
fpu		: yes
fpu_exception	: yes
cpuid level	: 13
wp		: yes
flags		: fpu vme de pse tsc msr pae mce cx8 apic sep mtrr pge mca cmov pat pse36 clflush dts acpi mmx fxsr sse sse2 ss ht tm pbe syscall nx rdtscp lm constant_tsc arch_perfmon pebs bts rep_good nopl xtopology nonstop_tsc aperfmperf pni pclmulqdq dtes64 monitor ds_cpl vmx est tm2 ssse3 cx16 xtpr pdcm pcid sse4_1 sse4_2 x2apic popcnt tsc_deadline_timer xsave avx lahf_lm epb tpr_shadow vnmi flexpriority ept vpid xsaveopt dtherm arat pln pts
bugs		:
bogomips	: 4390.34
clflush size	: 64
cache_alignment	: 64
address sizes	: 36 bits physical, 48 bits virtual
power management:

processor	: 2
vendor_id	: GenuineIntel
cpu family	: 6
model		: 42
model name	: Intel(R) Core(TM) i3-2328M CPU @ 2.20GHz
stepping	: 7
microcode	: 0x29
cpu MHz		: 799.890
cache size	: 3072 KB
physical id	: 0
siblings	: 4
core id		: 1
cpu cores	: 2
apicid		: 2
initial apicid	: 2
fpu		: yes
fpu_exception	: yes
cpuid level	: 13
wp		: yes
flags		: fpu vme de pse tsc msr pae mce cx8 apic sep mtrr pge mca cmov pat pse36 clflush dts acpi mmx fxsr sse sse2 ss ht tm pbe syscall nx rdtscp lm constant_tsc arch_perfmon pebs bts rep_good nopl xtopology nonstop_tsc aperfmperf pni pclmulqdq dtes64 monitor ds_cpl vmx est tm2 ssse3 cx16 xtpr pdcm pcid sse4_1 sse4_2 x2apic popcnt tsc_deadline_timer xsave avx lahf_lm epb tpr_shadow vnmi flexpriority ept vpid xsaveopt dtherm arat pln pts
bugs		:
bogomips	: 4390.34
clflush size	: 64
cache_alignment	: 64
address sizes	: 36 bits physical, 48 bits virtual
power management:

processor	: 3
vendor_id	: GenuineIntel
cpu family	: 6
model		: 42
model name	: Intel(R) Core(TM) i3-2328M CPU @ 2.20GHz
stepping	: 7
microcode	: 0x29
cpu MHz		: 1345.861
cache size	: 3072 KB
physical id	: 0
siblings	: 4
core id		: 1
cpu cores	: 2
apicid		: 3
initial apicid	: 3
fpu		: yes
fpu_exception	: yes
cpuid level	: 13
wp		: yes
flags		: fpu vme de pse tsc msr pae mce cx8 apic sep mtrr pge mca cmov pat pse36 clflush dts acpi mmx fxsr sse sse2 ss ht tm pbe syscall nx rdtscp lm constant_tsc arch_perfmon pebs bts rep_good nopl xtopology nonstop_tsc aperfmperf pni pclmulqdq dtes64 monitor ds_cpl vmx est tm2 ssse3 cx16 xtpr pdcm pcid sse4_1 sse4_2 x2apic popcnt tsc_deadline_timer xsave avx lahf_lm epb tpr_shadow vnmi flexpriority ept vpid xsaveopt dtherm arat pln pts
bugs		:
bogomips	: 4390.34
clflush size	: 64
cache_alignment	: 64
address sizes	: 36 bits physical, 48 bits virtual
power management:



Memory: 4k page, physical 8007044k(103804k free), swap 358396k(0k free)

vm_info: Java HotSpot(TM) 64-Bit Server VM (25.161-b12) for linux-amd64 JRE (1.8.0_161-b12), built on Dec 19 2017 16:12:43 by "java_re" with gcc 4.3.0 20080428 (Red Hat 4.3.0-8)

